[ 2013-10-31T22:08:58+08:00 ] 127.0.0.1 /
INFO: [ app_begin ] --START--
INFO: ReadHtmlCache Behavior ::run [ RunTime:0.061336s ]
INFO: [ app_begin ] --END-- [ RunTime:0.130482s ]
SQL: DESCRIBE nc_user [ RunTime:0.205588s ]
SQL: SELECT `picture`,`rna`,`loginDays` FROM `nc_user` WHERE ( id= ) LIMIT 1   [ RunTime:0.015757s ]
ERR: 1064:You have an error in your SQL syntax; check the manual that corresponds to your MySQL server version for the right syntax to use near ') LIMIT 1' at line 1
 [ SQL语句 ] : SELECT `picture`,`rna`,`loginDays` FROM `nc_user` WHERE ( id= ) LIMIT 1  
SQL: DESCRIBE nc_type [ RunTime:0.068276s ]
SQL: SELECT `title`,`remark`,`id` FROM `nc_type` WHERE ( pid=0 ) LIMIT 0,4   [ RunTime:0.001786s ]
INFO: [ view_parse ] --START--
INFO: ParseTemplate Behavior ::run [ RunTime:0.416458s ]
INFO: [ view_parse ] --END-- [ RunTime:0.416601s ]
INFO: [ view_filter ] --START--
INFO: ContentReplace Behavior ::run [ RunTime:0.108769s ]
INFO: TokenBuild Behavior ::run [ RunTime:0.057881s ]
INFO: WriteHtmlCache Behavior ::run [ RunTime:0.024667s ]
INFO: ShowRuntime Behavior ::run [ RunTime:0.001594s ]
INFO: [ view_filter ] --END-- [ RunTime:0.193249s ]
INFO: [ view_end ] --START--
INFO: ShowPageTrace Behavior ::run [ RunTime:0.001716s ]
INFO: [ view_end ] --END-- [ RunTime:0.001848s ]

[ 2013-10-31T22:09:00+08:00 ] 127.0.0.1 /index.php/Public/verify
INFO: [ route_check ] --START--
INFO: CheckRoute Behavior ::run [ RunTime:0.062821s ]
INFO: [ route_check ] --END-- [ RunTime:0.062933s ]
INFO: [ app_begin ] --START--
INFO: ReadHtmlCache Behavior ::run [ RunTime:0.000731s ]
INFO: [ app_begin ] --END-- [ RunTime:0.000808s ]

[ 2013-10-31T22:09:03+08:00 ] 127.0.0.1 /index.php/Index/type/id/3
INFO: [ route_check ] --START--
INFO: CheckRoute Behavior ::run [ RunTime:0.001057s ]
INFO: [ route_check ] --END-- [ RunTime:0.001168s ]
INFO: [ app_begin ] --START--
INFO: ReadHtmlCache Behavior ::run [ RunTime:0.000506s ]
INFO: [ app_begin ] --END-- [ RunTime:0.000574s ]
SQL: DESCRIBE nc_user [ RunTime:0.032277s ]
SQL: SELECT `picture`,`rna`,`loginDays` FROM `nc_user` WHERE ( id= ) LIMIT 1   [ RunTime:0.000130s ]
ERR: 1064:You have an error in your SQL syntax; check the manual that corresponds to your MySQL server version for the right syntax to use near ') LIMIT 1' at line 1
 [ SQL语句 ] : SELECT `picture`,`rna`,`loginDays` FROM `nc_user` WHERE ( id= ) LIMIT 1  
SQL: DESCRIBE nc_type [ RunTime:0.026811s ]
SQL: SELECT `title` FROM `nc_type` WHERE ( id=3 ) LIMIT 1   [ RunTime:0.000267s ]
SQL: SELECT `title`,`remark`,`id` FROM `nc_type` WHERE ( pid=3 ) ORDER BY sort desc  [ RunTime:0.000284s ]
INFO: [ view_parse ] --START--
NOTIC: [8] Undefined variable: keywords D:\xampp\htdocs\beauty\Home\Runtime\Cache\0261350f83d3fa5728773645a92d9cfd.php 第 61 行.
INFO: ParseTemplate Behavior ::run [ RunTime:0.045613s ]
INFO: [ view_parse ] --END-- [ RunTime:0.045709s ]
INFO: [ view_filter ] --START--
INFO: ContentReplace Behavior ::run [ RunTime:0.000553s ]
INFO: TokenBuild Behavior ::run [ RunTime:0.000456s ]
INFO: WriteHtmlCache Behavior ::run [ RunTime:0.000352s ]
INFO: ShowRuntime Behavior ::run [ RunTime:0.000530s ]
INFO: [ view_filter ] --END-- [ RunTime:0.002055s ]
INFO: [ view_end ] --START--
INFO: ShowPageTrace Behavior ::run [ RunTime:0.000632s ]
INFO: [ view_end ] --END-- [ RunTime:0.000694s ]

[ 2013-10-31T22:09:03+08:00 ] 127.0.0.1 /index.php/Public/verify
INFO: [ route_check ] --START--
INFO: CheckRoute Behavior ::run [ RunTime:0.000751s ]
INFO: [ route_check ] --END-- [ RunTime:0.000847s ]
INFO: [ app_begin ] --START--
INFO: ReadHtmlCache Behavior ::run [ RunTime:0.000518s ]
INFO: [ app_begin ] --END-- [ RunTime:0.000582s ]

[ 2013-10-31T22:09:15+08:00 ] 127.0.0.1 /index.php/Index/type/id/4
INFO: [ route_check ] --START--
INFO: CheckRoute Behavior ::run [ RunTime:0.001352s ]
INFO: [ route_check ] --END-- [ RunTime:0.001440s ]
INFO: [ app_begin ] --START--
INFO: ReadHtmlCache Behavior ::run [ RunTime:0.000496s ]
INFO: [ app_begin ] --END-- [ RunTime:0.000557s ]
SQL: DESCRIBE nc_user [ RunTime:0.004205s ]
SQL: SELECT `picture`,`rna`,`loginDays` FROM `nc_user` WHERE ( id= ) LIMIT 1   [ RunTime:0.000248s ]
ERR: 1064:You have an error in your SQL syntax; check the manual that corresponds to your MySQL server version for the right syntax to use near ') LIMIT 1' at line 1
 [ SQL语句 ] : SELECT `picture`,`rna`,`loginDays` FROM `nc_user` WHERE ( id= ) LIMIT 1  
SQL: DESCRIBE nc_type [ RunTime:0.002712s ]
SQL: SELECT `title` FROM `nc_type` WHERE ( id=4 ) LIMIT 1   [ RunTime:0.000539s ]
SQL: SELECT `title`,`remark`,`id` FROM `nc_type` WHERE ( pid=4 ) ORDER BY sort desc  [ RunTime:0.000316s ]
INFO: [ view_parse ] --START--
NOTIC: [8] Undefined variable: keywords D:\xampp\htdocs\beauty\Home\Runtime\Cache\0261350f83d3fa5728773645a92d9cfd.php 第 61 行.
INFO: ParseTemplate Behavior ::run [ RunTime:0.010838s ]
INFO: [ view_parse ] --END-- [ RunTime:0.010935s ]
INFO: [ view_filter ] --START--
INFO: ContentReplace Behavior ::run [ RunTime:0.000446s ]
INFO: TokenBuild Behavior ::run [ RunTime:0.000342s ]
INFO: WriteHtmlCache Behavior ::run [ RunTime:0.000246s ]
INFO: ShowRuntime Behavior ::run [ RunTime:0.000419s ]
INFO: [ view_filter ] --END-- [ RunTime:0.001618s ]
INFO: [ view_end ] --START--
INFO: ShowPageTrace Behavior ::run [ RunTime:0.000530s ]
INFO: [ view_end ] --END-- [ RunTime:0.000593s ]

[ 2013-10-31T22:09:15+08:00 ] 127.0.0.1 /index.php/Public/verify
INFO: [ route_check ] --START--
INFO: CheckRoute Behavior ::run [ RunTime:0.000821s ]
INFO: [ route_check ] --END-- [ RunTime:0.000907s ]
INFO: [ app_begin ] --START--
INFO: ReadHtmlCache Behavior ::run [ RunTime:0.000488s ]
INFO: [ app_begin ] --END-- [ RunTime:0.000549s ]

